\BOOKMARK [1][-]{section.1}{Description du site}{}% 1
\BOOKMARK [1][-]{section.2}{Fonctionnement}{}% 2
\BOOKMARK [2][-]{subsection.2.1}{R\351servation}{section.2}% 3
\BOOKMARK [2][-]{subsection.2.2}{Admin}{section.2}% 4
\BOOKMARK [1][-]{appendix.A}{Mod\350les}{}% 5
\BOOKMARK [2][-]{subsection.A.1}{Client.php}{appendix.A}% 6
\BOOKMARK [2][-]{subsection.A.2}{Flight.php}{appendix.A}% 7
\BOOKMARK [2][-]{subsection.A.3}{Reservation.php}{appendix.A}% 8
\BOOKMARK [1][-]{appendix.B}{templates}{}% 9
\BOOKMARK [2][-]{subsection.B.1}{home.html}{appendix.B}% 10
\BOOKMARK [2][-]{subsection.B.2}{reservation.html}{appendix.B}% 11
\BOOKMARK [2][-]{subsection.B.3}{detail.html}{appendix.B}% 12
\BOOKMARK [2][-]{subsection.B.4}{confirmation.html}{appendix.B}% 13
\BOOKMARK [2][-]{subsection.B.5}{resumer.html}{appendix.B}% 14
\BOOKMARK [2][-]{subsection.B.6}{admin.html}{appendix.B}% 15
\BOOKMARK [2][-]{subsection.B.7}{head.html}{appendix.B}% 16
\BOOKMARK [2][-]{subsection.B.8}{header.html}{appendix.B}% 17
\BOOKMARK [2][-]{subsection.B.9}{footer.html}{appendix.B}% 18
\BOOKMARK [2][-]{subsection.B.10}{admin.html}{appendix.B}% 19
\BOOKMARK [1][-]{appendix.C}{Controlers}{}% 20
\BOOKMARK [2][-]{subsection.C.1}{controler\137home.php}{appendix.C}% 21
\BOOKMARK [2][-]{subsection.C.2}{controle\137reservation.php}{appendix.C}% 22
\BOOKMARK [2][-]{subsection.C.3}{controler\137detail.php}{appendix.C}% 23
\BOOKMARK [2][-]{subsection.C.4}{controler\137nextpassenger.php}{appendix.C}% 24
\BOOKMARK [2][-]{subsection.C.5}{controler\137confirmation.php}{appendix.C}% 25
\BOOKMARK [2][-]{subsection.C.6}{controler\137resumer.php}{appendix.C}% 26
\BOOKMARK [2][-]{subsection.C.7}{controler\137admin.php}{appendix.C}% 27
\BOOKMARK [2][-]{subsection.C.8}{controler\137update.php}{appendix.C}% 28
\BOOKMARK [2][-]{subsection.C.9}{controler\137delete.php}{appendix.C}% 29
\BOOKMARK [2][-]{subsection.C.10}{controler\137404.php}{appendix.C}% 30
\BOOKMARK [1][-]{appendix.D}{Other}{}% 31
\BOOKMARK [2][-]{subsection.D.1}{.htaccess}{appendix.D}% 32
\BOOKMARK [2][-]{subsection.D.2}{index.php}{appendix.D}% 33
\BOOKMARK [2][-]{subsection.D.3}{utils.php}{appendix.D}% 34
\BOOKMARK [2][-]{subsection.D.4}{style.css}{appendix.D}% 35
